#================================================
Starting Build
Timestamp
Sat Dec  6 20:09:41 UTC 2014
#================================================

===== Updating from SVN =====
svn: E155036: Please see the 'svn upgrade' command
svn: E155036: Working copy '/media/sf_Data/c/eepe/latest/eepe' is too old (format 8, created by Subversion 1.4)

svn: E155036: Please see the 'svn upgrade' command
svn: E155036: Working copy '/media/sf_Data/c/eepe/latest/eepe' is too old (format 8, created by Subversion 1.4)
===== GENERATING VERSION STAMP =====
//Automatically generated file - do not edit
#define DATE_STR "06.12.2014"
#define TIME_STR "20:09:41"
#define SUB_VERS "1-mike"
#define SVN_VERS "trunk-r1"
#define SVN_VER_NUM 1
====================================


svn: E155036: Please see the 'svn upgrade' command
svn: E155036: Working copy '/media/sf_Data/c/eepe/latest/eepe' is too old (format 8, created by Subversion 1.4)

#================================================
Generate Translation Files
#================================================

./gen_ts: line 3: C:/Progs/QtSDK/Simulator/Qt/mingw/bin/lupdate: No such file or directory
./gen_ts: line 4: C:/Progs/QtSDK/Simulator/Qt/mingw/bin/lconvert: No such file or directory
./gen_ts: line 5: C:/Progs/QtSDK/Simulator/Qt/mingw/bin/lconvert: No such file or directory
./gen_ts: line 6: C:/Progs/QtSDK/Simulator/Qt/mingw/bin/lconvert: No such file or directory
./gen_ts: line 7: C:/Progs/QtSDK/Simulator/Qt/mingw/bin/lrelease: No such file or directory
rm: cannot remove `eepe_.qm': No such file or directory
cp: cannot stat `*.qm': No such file or directory
mv: cannot stat `*.qm': No such file or directory

#================================================
Build Windows Version
#================================================

Could not find mkspecs for your QMAKESPEC(win32-g++-cross) after trying:
	/usr/share/qt4/mkspecs
Error processing project file: ../src/eepe.pro
Makefile:66: *** multiple target patterns. Stop.
mv: cannot stat `release/eepe.exe': No such file or directory

#================================================
Package Windows Version
#================================================

./domake: line 43: makensis: command not found
mv: cannot stat `eePeInstall.exe': No such file or directory

#================================================
Build Linux i386 Version
#================================================

make: Warning: File `Makefile' has modification time 1.3e+02 s in the future
/usr/bin/uic-qt4 ../src/modeledit.ui -o ui_modeledit.h
/usr/bin/uic-qt4 ../src/generaledit.ui -o ui_generaledit.h
/usr/bin/uic-qt4 ../src/mixerdialog.ui -o ui_mixerdialog.h
/usr/bin/uic-qt4 ../src/simulatordialog.ui -o ui_simulatordialog.h
/usr/bin/uic-qt4 ../src/telemetryDialog.ui -o ui_telemetryDialog.h
/usr/bin/uic-qt4 ../src/VoiceAlarmDialog.ui -o ui_VoiceAlarmDialog.h
/usr/bin/moc-qt4 -DQT_WEBKIT -DQESP_NO_UDEV -D__linux__ -DQT_NO_DEBUG -DQT_XML_LIB -DQT_GUI_LIB -DQT_NETWORK_LIB -DQT_CORE_LIB -DQT_SHARED -I/usr/share/qt4/mkspecs/linux-g++-32 -I../src -I/usr/include/qt4/QtCore -I/usr/include/qt4/QtNetwork -I/usr/include/qt4/QtGui -I/usr/include/qt4/QtXml -I/usr/include/qt4 -I../src -I. -I. -I../src -I. ../src/qextserialport.h -o moc_qextserialport.cpp
g++ -c -m32 -pipe -O2 -Wall -W -D_REENTRANT -DQT_WEBKIT -DQESP_NO_UDEV -D__linux__ -DQT_NO_DEBUG -DQT_XML_LIB -DQT_GUI_LIB -DQT_NETWORK_LIB -DQT_CORE_LIB -DQT_SHARED -I/usr/share/qt4/mkspecs/linux-g++-32 -I../src -I/usr/include/qt4/QtCore -I/usr/include/qt4/QtNetwork -I/usr/include/qt4/QtGui -I/usr/include/qt4/QtXml -I/usr/include/qt4 -I../src -I. -I. -I../src -I. -o qextserialport.o ../src/qextserialport.cpp
g++ -c -m32 -pipe -O2 -Wall -W -D_REENTRANT -DQT_WEBKIT -DQESP_NO_UDEV -D__linux__ -DQT_NO_DEBUG -DQT_XML_LIB -DQT_GUI_LIB -DQT_NETWORK_LIB -DQT_CORE_LIB -DQT_SHARED -I/usr/share/qt4/mkspecs/linux-g++-32 -I../src -I/usr/include/qt4/QtCore -I/usr/include/qt4/QtNetwork -I/usr/include/qt4/QtGui -I/usr/include/qt4/QtXml -I/usr/include/qt4 -I../src -I. -I. -I../src -I. -o qextserialport_unix.o ../src/qextserialport_unix.cpp
g++ -c -m32 -pipe -O2 -Wall -W -D_REENTRANT -DQT_WEBKIT -DQESP_NO_UDEV -D__linux__ -DQT_NO_DEBUG -DQT_XML_LIB -DQT_GUI_LIB -DQT_NETWORK_LIB -DQT_CORE_LIB -DQT_SHARED -I/usr/share/qt4/mkspecs/linux-g++-32 -I../src -I/usr/include/qt4/QtCore -I/usr/include/qt4/QtNetwork -I/usr/include/qt4/QtGui -I/usr/include/qt4/QtXml -I/usr/include/qt4 -I../src -I. -I. -I../src -I. -o mainwindow.o ../src/mainwindow.cpp
g++ -c -m32 -pipe -O2 -Wall -W -D_REENTRANT -DQT_WEBKIT -DQESP_NO_UDEV -D__linux__ -DQT_NO_DEBUG -DQT_XML_LIB -DQT_GUI_LIB -DQT_NETWORK_LIB -DQT_CORE_LIB -DQT_SHARED -I/usr/share/qt4/mkspecs/linux-g++-32 -I../src -I/usr/include/qt4/QtCore -I/usr/include/qt4/QtNetwork -I/usr/include/qt4/QtGui -I/usr/include/qt4/QtXml -I/usr/include/qt4 -I../src -I. -I. -I../src -I. -o file.o ../src/file.cpp
g++ -c -m32 -pipe -O2 -Wall -W -D_REENTRANT -DQT_WEBKIT -DQESP_NO_UDEV -D__linux__ -DQT_NO_DEBUG -DQT_XML_LIB -DQT_GUI_LIB -DQT_NETWORK_LIB -DQT_CORE_LIB -DQT_SHARED -I/usr/share/qt4/mkspecs/linux-g++-32 -I../src -I/usr/include/qt4/QtCore -I/usr/include/qt4/QtNetwork -I/usr/include/qt4/QtGui -I/usr/include/qt4/QtXml -I/usr/include/qt4 -I../src -I. -I. -I../src -I. -o pers.o ../src/pers.cpp
g++ -c -m32 -pipe -O2 -Wall -W -D_REENTRANT -DQT_WEBKIT -DQESP_NO_UDEV -D__linux__ -DQT_NO_DEBUG -DQT_XML_LIB -DQT_GUI_LIB -DQT_NETWORK_LIB -DQT_CORE_LIB -DQT_SHARED -I/usr/share/qt4/mkspecs/linux-g++-32 -I../src -I/usr/include/qt4/QtCore -I/usr/include/qt4/QtNetwork -I/usr/include/qt4/QtGui -I/usr/include/qt4/QtXml -I/usr/include/qt4 -I../src -I. -I. -I../src -I. -o modeledit.o ../src/modeledit.cpp
g++ -c -m32 -pipe -O2 -Wall -W -D_REENTRANT -DQT_WEBKIT -DQESP_NO_UDEV -D__linux__ -DQT_NO_DEBUG -DQT_XML_LIB -DQT_GUI_LIB -DQT_NETWORK_LIB -DQT_CORE_LIB -DQT_SHARED -I/usr/share/qt4/mkspecs/linux-g++-32 -I../src -I/usr/include/qt4/QtCore -I/usr/include/qt4/QtNetwork -I/usr/include/qt4/QtGui -I/usr/include/qt4/QtXml -I/usr/include/qt4 -I../src -I. -I. -I../src -I. -o generaledit.o ../src/generaledit.cpp
g++ -c -m32 -pipe -O2 -Wall -W -D_REENTRANT -DQT_WEBKIT -DQESP_NO_UDEV -D__linux__ -DQT_NO_DEBUG -DQT_XML_LIB -DQT_GUI_LIB -DQT_NETWORK_LIB -DQT_CORE_LIB -DQT_SHARED -I/usr/share/qt4/mkspecs/linux-g++-32 -I../src -I/usr/include/qt4/QtCore -I/usr/include/qt4/QtNetwork -I/usr/include/qt4/QtGui -I/usr/include/qt4/QtXml -I/usr/include/qt4 -I../src -I. -I. -I../src -I. -o mdichild.o ../src/mdichild.cpp
g++ -c -m32 -pipe -O2 -Wall -W -D_REENTRANT -DQT_WEBKIT -DQESP_NO_UDEV -D__linux__ -DQT_NO_DEBUG -DQT_XML_LIB -DQT_GUI_LIB -DQT_NETWORK_LIB -DQT_CORE_LIB -DQT_SHARED -I/usr/share/qt4/mkspecs/linux-g++-32 -I../src -I/usr/include/qt4/QtCore -I/usr/include/qt4/QtNetwork -I/usr/include/qt4/QtGui -I/usr/include/qt4/QtXml -I/usr/include/qt4 -I../src -I. -I. -I../src -I. -o helpers.o ../src/helpers.cpp
../src/helpers.cpp:1316:6: warning: unused parameter ‘b’ [-Wunused-parameter]
../src/helpers.cpp:1316:6: warning: unused parameter ‘value’ [-Wunused-parameter]
../src/helpers.cpp:1674:9: warning: unused parameter ‘eepromType’ [-Wunused-parameter]
g++ -c -m32 -pipe -O2 -Wall -W -D_REENTRANT -DQT_WEBKIT -DQESP_NO_UDEV -D__linux__ -DQT_NO_DEBUG -DQT_XML_LIB -DQT_GUI_LIB -DQT_NETWORK_LIB -DQT_CORE_LIB -DQT_SHARED -I/usr/share/qt4/mkspecs/linux-g++-32 -I../src -I/usr/include/qt4/QtCore -I/usr/include/qt4/QtNetwork -I/usr/include/qt4/QtGui -I/usr/include/qt4/QtXml -I/usr/include/qt4 -I../src -I. -I. -I../src -I. -o node.o ../src/node.cpp
g++ -c -m32 -pipe -O2 -Wall -W -D_REENTRANT -DQT_WEBKIT -DQESP_NO_UDEV -D__linux__ -DQT_NO_DEBUG -DQT_XML_LIB -DQT_GUI_LIB -DQT_NETWORK_LIB -DQT_CORE_LIB -DQT_SHARED -I/usr/share/qt4/mkspecs/linux-g++-32 -I../src -I/usr/include/qt4/QtCore -I/usr/include/qt4/QtNetwork -I/usr/include/qt4/QtGui -I/usr/include/qt4/QtXml -I/usr/include/qt4 -I../src -I. -I. -I../src -I. -o mixerdialog.o ../src/mixerdialog.cpp
g++ -c -m32 -pipe -O2 -Wall -W -D_REENTRANT -DQT_WEBKIT -DQESP_NO_UDEV -D__linux__ -DQT_NO_DEBUG -DQT_XML_LIB -DQT_GUI_LIB -DQT_NETWORK_LIB -DQT_CORE_LIB -DQT_SHARED -I/usr/share/qt4/mkspecs/linux-g++-32 -I../src -I/usr/include/qt4/QtCore -I/usr/include/qt4/QtNetwork -I/usr/include/qt4/QtGui -I/usr/include/qt4/QtXml -I/usr/include/qt4 -I../src -I. -I. -I../src -I. -o simulatordialog.o ../src/simulatordialog.cpp
../src/simulatordialog.cpp:1667:6: warning: unused parameter ‘init’ [-Wunused-parameter]
g++ -c -m32 -pipe -O2 -Wall -W -D_REENTRANT -DQT_WEBKIT -DQESP_NO_UDEV -D__linux__ -DQT_NO_DEBUG -DQT_XML_LIB -DQT_GUI_LIB -DQT_NETWORK_LIB -DQT_CORE_LIB -DQT_SHARED -I/usr/share/qt4/mkspecs/linux-g++-32 -I../src -I/usr/include/qt4/QtCore -I/usr/include/qt4/QtNetwork -I/usr/include/qt4/QtGui -I/usr/include/qt4/QtXml -I/usr/include/qt4 -I../src -I. -I. -I../src -I. -o printdialog.o ../src/printdialog.cpp
g++ -c -m32 -pipe -O2 -Wall -W -D_REENTRANT -DQT_WEBKIT -DQESP_NO_UDEV -D__linux__ -DQT_NO_DEBUG -DQT_XML_LIB -DQT_GUI_LIB -DQT_NETWORK_LIB -DQT_CORE_LIB -DQT_SHARED -I/usr/share/qt4/mkspecs/linux-g++-32 -I../src -I/usr/include/qt4/QtCore -I/usr/include/qt4/QtNetwork -I/usr/include/qt4/QtGui -I/usr/include/qt4/QtXml -I/usr/include/qt4 -I../src -I. -I. -I../src -I. -o preferencesdialog.o ../src/preferencesdialog.cpp
g++ -c -m32 -pipe -O2 -Wall -W -D_REENTRANT -DQT_WEBKIT -DQESP_NO_UDEV -D__linux__ -DQT_NO_DEBUG -DQT_XML_LIB -DQT_GUI_LIB -DQT_NETWORK_LIB -DQT_CORE_LIB -DQT_SHARED -I/usr/share/qt4/mkspecs/linux-g++-32 -I../src -I/usr/include/qt4/QtCore -I/usr/include/qt4/QtNetwork -I/usr/include/qt4/QtGui -I/usr/include/qt4/QtXml -I/usr/include/qt4 -I../src -I. -I. -I../src -I. -o customizesplashdialog.o ../src/customizesplashdialog.cpp
g++ -c -m32 -pipe -O2 -Wall -W -D_REENTRANT -DQT_WEBKIT -DQESP_NO_UDEV -D__linux__ -DQT_NO_DEBUG -DQT_XML_LIB -DQT_GUI_LIB -DQT_NETWORK_LIB -DQT_CORE_LIB -DQT_SHARED -I/usr/share/qt4/mkspecs/linux-g++-32 -I../src -I/usr/include/qt4/QtCore -I/usr/include/qt4/QtNetwork -I/usr/include/qt4/QtGui -I/usr/include/qt4/QtXml -I/usr/include/qt4 -I../src -I. -I. -I../src -I. -o serialdialog.o ../src/serialdialog.cpp
g++ -c -m32 -pipe -O2 -Wall -W -D_REENTRANT -DQT_WEBKIT -DQESP_NO_UDEV -D__linux__ -DQT_NO_DEBUG -DQT_XML_LIB -DQT_GUI_LIB -DQT_NETWORK_LIB -DQT_CORE_LIB -DQT_SHARED -I/usr/share/qt4/mkspecs/linux-g++-32 -I../src -I/usr/include/qt4/QtCore -I/usr/include/qt4/QtNetwork -I/usr/include/qt4/QtGui -I/usr/include/qt4/QtXml -I/usr/include/qt4 -I../src -I. -I. -I../src -I. -o telemetry.o ../src/telemetry.cpp
g++ -c -m32 -pipe -O2 -Wall -W -D_REENTRANT -DQT_WEBKIT -DQESP_NO_UDEV -D__linux__ -DQT_NO_DEBUG -DQT_XML_LIB -DQT_GUI_LIB -DQT_NETWORK_LIB -DQT_CORE_LIB -DQT_SHARED -I/usr/share/qt4/mkspecs/linux-g++-32 -I../src -I/usr/include/qt4/QtCore -I/usr/include/qt4/QtNetwork -I/usr/include/qt4/QtGui -I/usr/include/qt4/QtXml -I/usr/include/qt4 -I../src -I. -I. -I../src -I. -o VoiceAlarmDialog.o ../src/VoiceAlarmDialog.cpp
/usr/bin/moc-qt4 -DQT_WEBKIT -DQESP_NO_UDEV -D__linux__ -DQT_NO_DEBUG -DQT_XML_LIB -DQT_GUI_LIB -DQT_NETWORK_LIB -DQT_CORE_LIB -DQT_SHARED -I/usr/share/qt4/mkspecs/linux-g++-32 -I../src -I/usr/include/qt4/QtCore -I/usr/include/qt4/QtNetwork -I/usr/include/qt4/QtGui -I/usr/include/qt4/QtXml -I/usr/include/qt4 -I../src -I. -I. -I../src -I. ../src/modeledit.h -o moc_modeledit.cpp
g++ -c -m32 -pipe -O2 -Wall -W -D_REENTRANT -DQT_WEBKIT -DQESP_NO_UDEV -D__linux__ -DQT_NO_DEBUG -DQT_XML_LIB -DQT_GUI_LIB -DQT_NETWORK_LIB -DQT_CORE_LIB -DQT_SHARED -I/usr/share/qt4/mkspecs/linux-g++-32 -I../src -I/usr/include/qt4/QtCore -I/usr/include/qt4/QtNetwork -I/usr/include/qt4/QtGui -I/usr/include/qt4/QtXml -I/usr/include/qt4 -I../src -I. -I. -I../src -I. -o moc_modeledit.o moc_modeledit.cpp
/usr/bin/moc-qt4 -DQT_WEBKIT -DQESP_NO_UDEV -D__linux__ -DQT_NO_DEBUG -DQT_XML_LIB -DQT_GUI_LIB -DQT_NETWORK_LIB -DQT_CORE_LIB -DQT_SHARED -I/usr/share/qt4/mkspecs/linux-g++-32 -I../src -I/usr/include/qt4/QtCore -I/usr/include/qt4/QtNetwork -I/usr/include/qt4/QtGui -I/usr/include/qt4/QtXml -I/usr/include/qt4 -I../src -I. -I. -I../src -I. ../src/generaledit.h -o moc_generaledit.cpp
g++ -c -m32 -pipe -O2 -Wall -W -D_REENTRANT -DQT_WEBKIT -DQESP_NO_UDEV -D__linux__ -DQT_NO_DEBUG -DQT_XML_LIB -DQT_GUI_LIB -DQT_NETWORK_LIB -DQT_CORE_LIB -DQT_SHARED -I/usr/share/qt4/mkspecs/linux-g++-32 -I../src -I/usr/include/qt4/QtCore -I/usr/include/qt4/QtNetwork -I/usr/include/qt4/QtGui -I/usr/include/qt4/QtXml -I/usr/include/qt4 -I../src -I. -I. -I../src -I. -o moc_generaledit.o moc_generaledit.cpp
/usr/bin/moc-qt4 -DQT_WEBKIT -DQESP_NO_UDEV -D__linux__ -DQT_NO_DEBUG -DQT_XML_LIB -DQT_GUI_LIB -DQT_NETWORK_LIB -DQT_CORE_LIB -DQT_SHARED -I/usr/share/qt4/mkspecs/linux-g++-32 -I../src -I/usr/include/qt4/QtCore -I/usr/include/qt4/QtNetwork -I/usr/include/qt4/QtGui -I/usr/include/qt4/QtXml -I/usr/include/qt4 -I../src -I. -I. -I../src -I. ../src/mdichild.h -o moc_mdichild.cpp
g++ -c -m32 -pipe -O2 -Wall -W -D_REENTRANT -DQT_WEBKIT -DQESP_NO_UDEV -D__linux__ -DQT_NO_DEBUG -DQT_XML_LIB -DQT_GUI_LIB -DQT_NETWORK_LIB -DQT_CORE_LIB -DQT_SHARED -I/usr/share/qt4/mkspecs/linux-g++-32 -I../src -I/usr/include/qt4/QtCore -I/usr/include/qt4/QtNetwork -I/usr/include/qt4/QtGui -I/usr/include/qt4/QtXml -I/usr/include/qt4 -I../src -I. -I. -I../src -I. -o moc_mdichild.o moc_mdichild.cpp
/usr/bin/moc-qt4 -DQT_WEBKIT -DQESP_NO_UDEV -D__linux__ -DQT_NO_DEBUG -DQT_XML_LIB -DQT_GUI_LIB -DQT_NETWORK_LIB -DQT_CORE_LIB -DQT_SHARED -I/usr/share/qt4/mkspecs/linux-g++-32 -I../src -I/usr/include/qt4/QtCore -I/usr/include/qt4/QtNetwork -I/usr/include/qt4/QtGui -I/usr/include/qt4/QtXml -I/usr/include/qt4 -I../src -I. -I. -I../src -I. ../src/mixerdialog.h -o moc_mixerdialog.cpp
g++ -c -m32 -pipe -O2 -Wall -W -D_REENTRANT -DQT_WEBKIT -DQESP_NO_UDEV -D__linux__ -DQT_NO_DEBUG -DQT_XML_LIB -DQT_GUI_LIB -DQT_NETWORK_LIB -DQT_CORE_LIB -DQT_SHARED -I/usr/share/qt4/mkspecs/linux-g++-32 -I../src -I/usr/include/qt4/QtCore -I/usr/include/qt4/QtNetwork -I/usr/include/qt4/QtGui -I/usr/include/qt4/QtXml -I/usr/include/qt4 -I../src -I. -I. -I../src -I. -o moc_mixerdialog.o moc_mixerdialog.cpp
/usr/bin/moc-qt4 -DQT_WEBKIT -DQESP_NO_UDEV -D__linux__ -DQT_NO_DEBUG -DQT_XML_LIB -DQT_GUI_LIB -DQT_NETWORK_LIB -DQT_CORE_LIB -DQT_SHARED -I/usr/share/qt4/mkspecs/linux-g++-32 -I../src -I/usr/include/qt4/QtCore -I/usr/include/qt4/QtNetwork -I/usr/include/qt4/QtGui -I/usr/include/qt4/QtXml -I/usr/include/qt4 -I../src -I. -I. -I../src -I. ../src/simulatordialog.h -o moc_simulatordialog.cpp
g++ -c -m32 -pipe -O2 -Wall -W -D_REENTRANT -DQT_WEBKIT -DQESP_NO_UDEV -D__linux__ -DQT_NO_DEBUG -DQT_XML_LIB -DQT_GUI_LIB -DQT_NETWORK_LIB -DQT_CORE_LIB -DQT_SHARED -I/usr/share/qt4/mkspecs/linux-g++-32 -I../src -I/usr/include/qt4/QtCore -I/usr/include/qt4/QtNetwork -I/usr/include/qt4/QtGui -I/usr/include/qt4/QtXml -I/usr/include/qt4 -I../src -I. -I. -I../src -I. -o moc_simulatordialog.o moc_simulatordialog.cpp
/usr/bin/moc-qt4 -DQT_WEBKIT -DQESP_NO_UDEV -D__linux__ -DQT_NO_DEBUG -DQT_XML_LIB -DQT_GUI_LIB -DQT_NETWORK_LIB -DQT_CORE_LIB -DQT_SHARED -I/usr/share/qt4/mkspecs/linux-g++-32 -I../src -I/usr/include/qt4/QtCore -I/usr/include/qt4/QtNetwork -I/usr/include/qt4/QtGui -I/usr/include/qt4/QtXml -I/usr/include/qt4 -I../src -I. -I. -I../src -I. ../src/printdialog.h -o moc_printdialog.cpp
g++ -c -m32 -pipe -O2 -Wall -W -D_REENTRANT -DQT_WEBKIT -DQESP_NO_UDEV -D__linux__ -DQT_NO_DEBUG -DQT_XML_LIB -DQT_GUI_LIB -DQT_NETWORK_LIB -DQT_CORE_LIB -DQT_SHARED -I/usr/share/qt4/mkspecs/linux-g++-32 -I../src -I/usr/include/qt4/QtCore -I/usr/include/qt4/QtNetwork -I/usr/include/qt4/QtGui -I/usr/include/qt4/QtXml -I/usr/include/qt4 -I../src -I. -I. -I../src -I. -o moc_printdialog.o moc_printdialog.cpp
/usr/bin/moc-qt4 -DQT_WEBKIT -DQESP_NO_UDEV -D__linux__ -DQT_NO_DEBUG -DQT_XML_LIB -DQT_GUI_LIB -DQT_NETWORK_LIB -DQT_CORE_LIB -DQT_SHARED -I/usr/share/qt4/mkspecs/linux-g++-32 -I../src -I/usr/include/qt4/QtCore -I/usr/include/qt4/QtNetwork -I/usr/include/qt4/QtGui -I/usr/include/qt4/QtXml -I/usr/include/qt4 -I../src -I. -I. -I../src -I. ../src/serialdialog.h -o moc_serialdialog.cpp
g++ -c -m32 -pipe -O2 -Wall -W -D_REENTRANT -DQT_WEBKIT -DQESP_NO_UDEV -D__linux__ -DQT_NO_DEBUG -DQT_XML_LIB -DQT_GUI_LIB -DQT_NETWORK_LIB -DQT_CORE_LIB -DQT_SHARED -I/usr/share/qt4/mkspecs/linux-g++-32 -I../src -I/usr/include/qt4/QtCore -I/usr/include/qt4/QtNetwork -I/usr/include/qt4/QtGui -I/usr/include/qt4/QtXml -I/usr/include/qt4 -I../src -I. -I. -I../src -I. -o moc_serialdialog.o moc_serialdialog.cpp
/usr/bin/moc-qt4 -DQT_WEBKIT -DQESP_NO_UDEV -D__linux__ -DQT_NO_DEBUG -DQT_XML_LIB -DQT_GUI_LIB -DQT_NETWORK_LIB -DQT_CORE_LIB -DQT_SHARED -I/usr/share/qt4/mkspecs/linux-g++-32 -I../src -I/usr/include/qt4/QtCore -I/usr/include/qt4/QtNetwork -I/usr/include/qt4/QtGui -I/usr/include/qt4/QtXml -I/usr/include/qt4 -I../src -I. -I. -I../src -I. ../src/telemetry.h -o moc_telemetry.cpp
g++ -c -m32 -pipe -O2 -Wall -W -D_REENTRANT -DQT_WEBKIT -DQESP_NO_UDEV -D__linux__ -DQT_NO_DEBUG -DQT_XML_LIB -DQT_GUI_LIB -DQT_NETWORK_LIB -DQT_CORE_LIB -DQT_SHARED -I/usr/share/qt4/mkspecs/linux-g++-32 -I../src -I/usr/include/qt4/QtCore -I/usr/include/qt4/QtNetwork -I/usr/include/qt4/QtGui -I/usr/include/qt4/QtXml -I/usr/include/qt4 -I../src -I. -I. -I../src -I. -o moc_telemetry.o moc_telemetry.cpp
/usr/bin/moc-qt4 -DQT_WEBKIT -DQESP_NO_UDEV -D__linux__ -DQT_NO_DEBUG -DQT_XML_LIB -DQT_GUI_LIB -DQT_NETWORK_LIB -DQT_CORE_LIB -DQT_SHARED -I/usr/share/qt4/mkspecs/linux-g++-32 -I../src -I/usr/include/qt4/QtCore -I/usr/include/qt4/QtNetwork -I/usr/include/qt4/QtGui -I/usr/include/qt4/QtXml -I/usr/include/qt4 -I../src -I. -I. -I../src -I. ../src/VoiceAlarmDialog.h -o moc_VoiceAlarmDialog.cpp
g++ -c -m32 -pipe -O2 -Wall -W -D_REENTRANT -DQT_WEBKIT -DQESP_NO_UDEV -D__linux__ -DQT_NO_DEBUG -DQT_XML_LIB -DQT_GUI_LIB -DQT_NETWORK_LIB -DQT_CORE_LIB -DQT_SHARED -I/usr/share/qt4/mkspecs/linux-g++-32 -I../src -I/usr/include/qt4/QtCore -I/usr/include/qt4/QtNetwork -I/usr/include/qt4/QtGui -I/usr/include/qt4/QtXml -I/usr/include/qt4 -I../src -I. -I. -I../src -I. -o moc_VoiceAlarmDialog.o moc_VoiceAlarmDialog.cpp
/usr/bin/rcc -name eepe ../src/eepe.qrc -o qrc_eepe.cpp
g++ -c -m32 -pipe -O2 -Wall -W -D_REENTRANT -DQT_WEBKIT -DQESP_NO_UDEV -D__linux__ -DQT_NO_DEBUG -DQT_XML_LIB -DQT_GUI_LIB -DQT_NETWORK_LIB -DQT_CORE_LIB -DQT_SHARED -I/usr/share/qt4/mkspecs/linux-g++-32 -I../src -I/usr/include/qt4/QtCore -I/usr/include/qt4/QtNetwork -I/usr/include/qt4/QtGui -I/usr/include/qt4/QtXml -I/usr/include/qt4 -I../src -I. -I. -I../src -I. -o qrc_eepe.o qrc_eepe.cpp
g++ -m32 -Wl,-O1 -o eepe qextserialport.o qextserialenumerator.o qextserialport_unix.o qextserialenumerator_linux.o main.o mainwindow.o file.o pers.o modeledit.o generaledit.o mdichild.o helpers.o node.o edge.o mixerdialog.o burnconfigdialog.o avroutputdialog.o simulatordialog.o donatorsdialog.o printdialog.o preferencesdialog.o mixerslist.o downloaddialog.o customizesplashdialog.o serialdialog.o telemetry.o reviewOutput.o VoiceAlarmDialog.o moc_mainwindow.o moc_modeledit.o moc_generaledit.o moc_mdichild.o moc_mixerdialog.o moc_burnconfigdialog.o moc_avroutputdialog.o moc_simulatordialog.o moc_donatorsdialog.o moc_printdialog.o moc_preferencesdialog.o moc_mixerslist.o moc_downloaddialog.o moc_customizesplashdialog.o moc_serialdialog.o moc_telemetry.o moc_reviewOutput.o moc_VoiceAlarmDialog.o qrc_eepe.o    -L/usr/lib/i386-linux-gnu -lQtXml -lQtGui -lQtNetwork -lQtCore -lpthread 
make: warning: Clock skew detected. Your build may be incomplete.

#================================================
Package Linux i386 Version
#================================================

`eepe' -> `../src/eepe'
`../description-pak' -> `./description-pak'

checkinstall 1.6.2, Copyright 2009 Felipe Eduardo Sanchez Diaz Duran
           This software is released under the GNU GPL.



*****************************************
**** Debian package creation selected ***
*****************************************

This package will be built according to these values: 

0 -  Maintainer: [ erazz ]
1 -  Summary: [ eePe - EEPROM Editor for er9x. ]
2 -  Name:    [ eepe ]
3 -  Version: [ 1 ]
4 -  Release: [ 1 ]
5 -  License: [ GPL ]
6 -  Group:   [ checkinstall ]
7 -  Architecture: [ i386 ]
8 -  Source location: [ linux32build ]
9 -  Alternate source location: [  ]
10 - Requires: [ libqt4-gui ,libqt4-network ,libqt4-core ,libqt4-xml ,avrdude ]
11 - Provides: [ eepe ]
12 - Conflicts: [  ]
13 - Replaces: [  ]

Enter a number to change any of them or press ENTER to continue: 

Installing with make install...

========================= Installation results ===========================
make: Warning: File `eepe' has modification time 1.2e+02 s in the future
rm -rf /usr/bin/eepe
install -m 755 -p /media/sf_Data/c/eepe/latest/eepe/src/eepe /usr/bin/
strip /usr/bin/eepe
install -m 755 -p /media/sf_Data/c/eepe/latest/eepe/src/lang/eepe_de.qm /usr/bin/eepefiles/
strip /usr/bin/eepefiles/eepe_de.qm
strip:/usr/bin/eepefiles/eepe_de.qm: File format not recognised
make: [install_LANGS] Error 1 (ignored)
install -m 755 -p /media/sf_Data/c/eepe/latest/eepe/src/lang/eepe_es.qm /usr/bin/eepefiles/
strip /usr/bin/eepefiles/eepe_es.qm
strip:/usr/bin/eepefiles/eepe_es.qm: File format not recognised
make: [install_LANGS] Error 1 (ignored)
install -m 755 -p /media/sf_Data/c/eepe/latest/eepe/src/lang/eepe_fr.qm /usr/bin/eepefiles/
strip /usr/bin/eepefiles/eepe_fr.qm
strip:/usr/bin/eepefiles/eepe_fr.qm: File format not recognised
make: [install_LANGS] Error 1 (ignored)
install -m 755 -p /media/sf_Data/c/eepe/latest/eepe/src/lang/eepe_he.qm /usr/bin/eepefiles/
strip /usr/bin/eepefiles/eepe_he.qm
strip:/usr/bin/eepefiles/eepe_he.qm: File format not recognised
make: [install_LANGS] Error 1 (ignored)
install -m 755 -p /media/sf_Data/c/eepe/latest/eepe/src/lang/eepe_pt.qm /usr/bin/eepefiles/
strip /usr/bin/eepefiles/eepe_pt.qm
strip:/usr/bin/eepefiles/eepe_pt.qm: File format not recognised
make: [install_LANGS] Error 1 (ignored)
install -m 755 -p /media/sf_Data/c/eepe/latest/eepe/src/lang/eepe_ru.qm /usr/bin/eepefiles/
strip /usr/bin/eepefiles/eepe_ru.qm
strip:/usr/bin/eepefiles/eepe_ru.qm: File format not recognised
make: [install_LANGS] Error 1 (ignored)
install -m 755 -p /media/sf_Data/c/eepe/latest/eepe/src/icon.svg /usr/bin/eepefiles/
strip /usr/bin/eepefiles/icon.svg
strip:/usr/bin/eepefiles/icon.svg: File format not recognised
make: [install_ICON] Error 1 (ignored)
install -m 755 -p /media/sf_Data/c/eepe/latest/eepe/src/eepe.desktop /usr/share/applications/
strip /usr/share/applications/eepe.desktop
strip:/usr/share/applications/eepe.desktop: File format not recognised
make: [install_SHORTCUT] Error 1 (ignored)
make: warning: Clock skew detected. Your build may be incomplete.

======================== Installation successful ==========================

Copying files to the temporary directory...OK

Stripping ELF binaries and libraries...OK

Compressing man pages...OK

Building file list...OK

Building Debian package...OK

NOTE: The package will not be installed

Erasing temporary files...OK

Deleting temp dir...OK


**********************************************************************

 Done. The new package has been saved to

 /media/sf_Data/c/eepe/latest/eepe/linux32build/eepe_1-1_i386.deb
 You can install it in your system anytime using: 

      dpkg -i eepe_1-1_i386.deb

**********************************************************************

`eepe_1-1_i386.deb' -> `../eepe-i386.deb'

#================================================
Build Linux amd64 Version
#================================================

Cannot find file: ../linux/eepeLinux.pro.
/usr/bin/qmake -spec /usr/share/qt4/mkspecs/linux-g++-64 -o Makefile ../src/eepe.pro
make: Warning: File `Makefile' has modification time 1.3e+02 s in the future
/usr/bin/uic-qt4 ../src/modeledit.ui -o ui_modeledit.h
/usr/bin/uic-qt4 ../src/generaledit.ui -o ui_generaledit.h
/usr/bin/uic-qt4 ../src/mixerdialog.ui -o ui_mixerdialog.h
/usr/bin/uic-qt4 ../src/simulatordialog.ui -o ui_simulatordialog.h
/usr/bin/uic-qt4 ../src/telemetryDialog.ui -o ui_telemetryDialog.h
/usr/bin/uic-qt4 ../src/reviewOutput.ui -o ui_reviewOutput.h
/usr/bin/uic-qt4 ../src/VoiceAlarmDialog.ui -o ui_VoiceAlarmDialog.h
/usr/bin/moc-qt4 -DQT_WEBKIT -DQESP_NO_UDEV -D__linux__ -DQT_NO_DEBUG -DQT_XML_LIB -DQT_GUI_LIB -DQT_NETWORK_LIB -DQT_CORE_LIB -DQT_SHARED -I/usr/share/qt4/mkspecs/linux-g++-64 -I../src -I/usr/include/qt4/QtCore -I/usr/include/qt4/QtNetwork -I/usr/include/qt4/QtGui -I/usr/include/qt4/QtXml -I/usr/include/qt4 -I../src -I. -I. -I../src -I. ../src/qextserialport.h -o moc_qextserialport.cpp
g++ -c -m64 -pipe -O2 -Wall -W -D_REENTRANT -DQT_WEBKIT -DQESP_NO_UDEV -D__linux__ -DQT_NO_DEBUG -DQT_XML_LIB -DQT_GUI_LIB -DQT_NETWORK_LIB -DQT_CORE_LIB -DQT_SHARED -I/usr/share/qt4/mkspecs/linux-g++-64 -I../src -I/usr/include/qt4/QtCore -I/usr/include/qt4/QtNetwork -I/usr/include/qt4/QtGui -I/usr/include/qt4/QtXml -I/usr/include/qt4 -I../src -I. -I. -I../src -I. -o qextserialport.o ../src/qextserialport.cpp
In file included from /usr/include/c++/4.7/i686-linux-gnu/64/bits/os_defines.h:40:0,
                 from /usr/include/c++/4.7/i686-linux-gnu/64/bits/c++config.h:414,
                 from /usr/include/c++/4.7/utility:70,
                 from /usr/include/c++/4.7/algorithm:61,
                 from /usr/include/qt4/QtCore/qglobal.h:68,
                 from /usr/include/qt4/QtCore/qnamespace.h:45,
                 from /usr/include/qt4/QtCore/qobjectdefs.h:45,
                 from /usr/include/qt4/QtCore/qobject.h:47,
                 from /usr/include/qt4/QtCore/qiodevice.h:46,
                 from /usr/include/qt4/QtCore/QIODevice:1,
                 from ../src/qextserialport.h:35,
                 from ../src/qextserialport.cpp:32:
/usr/include/features.h:324:26: fatal error: bits/predefs.h: No such file or directory
compilation terminated.
make: *** [qextserialport.o] Error 1

#================================================
Package Linux amd64 Version
#================================================

cp: cannot stat `eepe': No such file or directory
`../description-pak' -> `./description-pak'

checkinstall 1.6.2, Copyright 2009 Felipe Eduardo Sanchez Diaz Duran
           This software is released under the GNU GPL.



*****************************************
**** Debian package creation selected ***
*****************************************

This package will be built according to these values: 

0 -  Maintainer: [ erazz ]
1 -  Summary: [ eePe - EEPROM Editor for er9x. ]
2 -  Name:    [ eepe ]
3 -  Version: [ 1 ]
4 -  Release: [ 1 ]
5 -  License: [ GPL ]
6 -  Group:   [ checkinstall ]
7 -  Architecture: [ amd64 ]
8 -  Source location: [ linux64build ]
9 -  Alternate source location: [  ]
10 - Requires: [ libqt4-gui ,libqt4-network ,libqt4-core ,libqt4-xml ,avrdude ]
11 - Provides: [ eepe ]
12 - Conflicts: [  ]
13 - Replaces: [  ]

Enter a number to change any of them or press ENTER to continue: 

Installing with make install...

========================= Installation results ===========================
make: Warning: File `Makefile' has modification time 1.3e+02 s in the future
g++ -c -m64 -pipe -O2 -Wall -W -D_REENTRANT -DQT_WEBKIT -DQESP_NO_UDEV -D__linux__ -DQT_NO_DEBUG -DQT_XML_LIB -DQT_GUI_LIB -DQT_NETWORK_LIB -DQT_CORE_LIB -DQT_SHARED -I/usr/share/qt4/mkspecs/linux-g++-64 -I../src -I/usr/include/qt4/QtCore -I/usr/include/qt4/QtNetwork -I/usr/include/qt4/QtGui -I/usr/include/qt4/QtXml -I/usr/include/qt4 -I../src -I. -I. -I../src -I. -o qextserialport.o ../src/qextserialport.cpp
In file included from /usr/include/c++/4.7/i686-linux-gnu/64/bits/os_defines.h:40:0,
                 from /usr/include/c++/4.7/i686-linux-gnu/64/bits/c++config.h:414,
                 from /usr/include/c++/4.7/utility:70,
                 from /usr/include/c++/4.7/algorithm:61,
                 from /usr/include/qt4/QtCore/qglobal.h:68,
                 from /usr/include/qt4/QtCore/qnamespace.h:45,
                 from /usr/include/qt4/QtCore/qobjectdefs.h:45,
                 from /usr/include/qt4/QtCore/qobject.h:47,
                 from /usr/include/qt4/QtCore/qiodevice.h:46,
                 from /usr/include/qt4/QtCore/QIODevice:1,
                 from ../src/qextserialport.h:35,
                 from ../src/qextserialport.cpp:32:
/usr/include/features.h:324:26: fatal error: bits/predefs.h: No such file or directory
compilation terminated.
make: *** [qextserialport.o] Error 1

****  Installation failed. Aborting package creation.

Cleaning up...OK

Bye.

mv: cannot stat `eepe_1-1_amd64.deb': No such file or directory
