#================================================
Starting Build
Timestamp
Sat Jan 14 04:28:54 UTC 2012
#================================================

===== Updating from SVN =====
At revision 303.

===== GENERATING VERSION STAMP =====
//Automatically generated file - do not edit
#define DATE_STR "14.01.2012"
#define TIME_STR "04:04:55"
#define SUB_VERS "1-erez"
#define SVN_VERS "trunk-r304"
#define SVN_VER_NUM 304
====================================



#================================================
Generate Translation Files
#================================================

/usr/share/qt4/mkspecs/features/default_post.prf(5):Function 'system' is not implemented
/usr/include/qt4/QtCore/qstringbuilder.h:45: circular inclusion of /usr/include/qt4/QtCore/qstring.h
/usr/include/qt4/QtGui/qwmatrix.h:45: circular inclusion of /usr/include/qt4/QtGui/qmatrix.h
/usr/include/qt4/QtGui/qactiongroup.h:45: circular inclusion of /usr/include/qt4/QtGui/qaction.h
/usr/include/qt4/QtGui/qlayout.h:236: circular inclusion of /usr/include/qt4/QtGui/qboxlayout.h
/usr/include/qt4/QtGui/qgridlayout.h:45: circular inclusion of /usr/include/qt4/QtGui/qlayout.h
Updating 'eepe_.ts'...
    Found 641 source text(s) (0 new and 641 already existing)
Updating 'eepe_he.ts'...
    Found 641 source text(s) (0 new and 641 already existing)
Updating 'eepe_pt.ts'...
    Found 641 source text(s) (0 new and 641 already existing)
Updating 'eepe_ru.ts'...
    Found 641 source text(s) (0 new and 641 already existing)
Updating 'eepe_de.ts'...
    Found 641 source text(s) (0 new and 641 already existing)
Updating 'eepe_es.ts'...
    Found 641 source text(s) (0 new and 641 already existing)
Updating 'eepe_fr.ts'...
    Found 641 source text(s) (0 new and 641 already existing)
/usr/share/qt4/mkspecs/features/default_post.prf(5):Function 'system' is not implemented
Updating '/home/erez/eepe/src/eepe_.qm'...
    Generated 0 translation(s) (0 finished and 0 unfinished)
    Ignored 641 untranslated source text(s)
Updating '/home/erez/eepe/src/eepe_he.qm'...
    Generated 0 translation(s) (0 finished and 0 unfinished)
    Ignored 641 untranslated source text(s)
Updating '/home/erez/eepe/src/eepe_pt.qm'...
    Generated 423 translation(s) (387 finished and 36 unfinished)
    Ignored 218 untranslated source text(s)
Updating '/home/erez/eepe/src/eepe_ru.qm'...
    Generated 399 translation(s) (365 finished and 34 unfinished)
    Ignored 242 untranslated source text(s)
Updating '/home/erez/eepe/src/eepe_de.qm'...
    Generated 548 translation(s) (529 finished and 19 unfinished)
    Ignored 93 untranslated source text(s)
Updating '/home/erez/eepe/src/eepe_es.qm'...
    Generated 547 translation(s) (539 finished and 8 unfinished)
    Ignored 94 untranslated source text(s)
Updating '/home/erez/eepe/src/eepe_fr.qm'...
    Generated 540 translation(s) (529 finished and 11 unfinished)
    Ignored 101 untranslated source text(s)

#================================================
Build Windows Version
#================================================

make -f Makefile.Release
make[1]: Entering directory `/home/erez/eepe/winbuild'
i586-mingw32msvc-g++ -c -pipe -O2 -fexceptions -mthreads -Wall -fno-rtti -DUNICODE -DQT_LARGEFILE_SUPPORT -DQT_WEBKIT -DQT_NO_DEBUG -DQT_GUI_LIB -DQT_NETWORK_LIB -DQT_CORE_LIB -DQT_THREAD_SUPPORT -DQT_NO_DYNAMIC_CAST -I'../../.wine/drive_c/Qt/4.7.4/include/QtCore' -I'../../.wine/drive_c/Qt/4.7.4/include/QtNetwork' -I'../../.wine/drive_c/Qt/4.7.4/include/QtGui' -I'../../.wine/drive_c/Qt/4.7.4/include' -I'../../.wine/drive_c/Qt/4.7.4/include/ActiveQt' -I'release' -I'.' -I'../src' -I'/usr/i586-mingw32msvc/include' -I'.' -I'/usr/share/qt4/mkspecs/win32-g++-cross' -o release/mainwindow.o ../src/mainwindow.cpp
In file included from ../../.wine/drive_c/Qt/4.7.4/include/QtCore/qbitarray.h:1,
                 from ../../.wine/drive_c/Qt/4.7.4/include/QtCore/QtCore:100,
                 from ../../.wine/drive_c/Qt/4.7.4/include/QtGui/QtGui:3,
                 from ../src/mainwindow.cpp:42:
../../.wine/drive_c/Qt/4.7.4/include/QtCore/../../src/corelib/tools/qbitarray.h:58: warning: ‘uint qHash(const QBitArray&)’ redeclared without dllimport attribute: previous dllimport ignored
In file included from ../../.wine/drive_c/Qt/4.7.4/include/QtGui/qcolor.h:1,
                 from ../../.wine/drive_c/Qt/4.7.4/include/QtGui/../../src/gui/painting/qbrush.h:49,
                 from ../../.wine/drive_c/Qt/4.7.4/include/QtGui/qbrush.h:1,
                 from ../../.wine/drive_c/Qt/4.7.4/include/QtGui/QtGui:4,
                 from ../src/mainwindow.cpp:42:
../../.wine/drive_c/Qt/4.7.4/include/QtGui/../../src/gui/painting/qcolor.h:274: warning: ‘QDataStream& operator<<(QDataStream&, const QColor&)’ redeclared without dllimport attribute: previous dllimport ignored
../../.wine/drive_c/Qt/4.7.4/include/QtGui/../../src/gui/painting/qcolor.h:275: warning: ‘QDataStream& operator>>(QDataStream&, QColor&)’ redeclared without dllimport attribute: previous dllimport ignored
In file included from ../../.wine/drive_c/Qt/4.7.4/include/QtGui/qpainterpath.h:1,
                 from ../../.wine/drive_c/Qt/4.7.4/include/QtGui/../../src/gui/painting/qtransform.h:45,
                 from ../../.wine/drive_c/Qt/4.7.4/include/QtGui/qtransform.h:1,
                 from ../../.wine/drive_c/Qt/4.7.4/include/QtGui/../../src/gui/painting/qbrush.h:51,
                 from ../../.wine/drive_c/Qt/4.7.4/include/QtGui/qbrush.h:1,
                 from ../../.wine/drive_c/Qt/4.7.4/include/QtGui/QtGui:4,
                 from ../src/mainwindow.cpp:42:
../../.wine/drive_c/Qt/4.7.4/include/QtGui/../../src/gui/painting/qpainterpath.h:244: warning: ‘QDataStream& operator<<(QDataStream&, const QPainterPath&)’ redeclared without dllimport attribute: previous dllimport ignored
../../.wine/drive_c/Qt/4.7.4/include/QtGui/../../src/gui/painting/qpainterpath.h:245: warning: ‘QDataStream& operator>>(QDataStream&, QPainterPath&)’ redeclared without dllimport attribute: previous dllimport ignored
In file included from ../../.wine/drive_c/Qt/4.7.4/include/QtGui/qpen.h:1,
                 from ../../.wine/drive_c/Qt/4.7.4/include/QtGui/../../src/gui/painting/qpainter.h:56,
                 from ../../.wine/drive_c/Qt/4.7.4/include/QtGui/qpainter.h:1,
                 from ../../.wine/drive_c/Qt/4.7.4/include/QtGui/../../src/gui/painting/qpaintengine.h:48,
                 from ../../.wine/drive_c/Qt/4.7.4/include/QtGui/qpaintengine.h:1,
                 from ../../.wine/drive_c/Qt/4.7.4/include/QtGui/QtGui:10,
                 from ../src/mainwindow.cpp:42:
../../.wine/drive_c/Qt/4.7.4/include/QtGui/../../src/gui/painting/qpen.h:119: warning: ‘QDataStream& operator>>(QDataStream&, QPen&)’ redeclared without dllimport attribute: previous dllimport ignored
../../.wine/drive_c/Qt/4.7.4/include/QtGui/../../src/gui/painting/qpen.h:120: warning: ‘QDataStream& operator<<(QDataStream&, const QPen&)’ redeclared without dllimport attribute: previous dllimport ignored
In file included from ../../.wine/drive_c/Qt/4.7.4/include/QtGui/qkeysequence.h:1,
                 from ../../.wine/drive_c/Qt/4.7.4/include/QtGui/../../src/gui/kernel/qwidget.h:57,
                 from ../../.wine/drive_c/Qt/4.7.4/include/QtGui/qwidget.h:1,
                 from ../../.wine/drive_c/Qt/4.7.4/include/QtGui/../../src/gui/painting/qstylepainter.h:47,
                 from ../../.wine/drive_c/Qt/4.7.4/include/QtGui/qstylepainter.h:1,
                 from ../../.wine/drive_c/Qt/4.7.4/include/QtGui/QtGui:20,
                 from ../src/mainwindow.cpp:42:
../../.wine/drive_c/Qt/4.7.4/include/QtGui/../../src/gui/kernel/qkeysequence.h:203: warning: ‘QDataStream& operator<<(QDataStream&, const QKeySequence&)’ redeclared without dllimport attribute: previous dllimport ignored
../../.wine/drive_c/Qt/4.7.4/include/QtGui/../../src/gui/kernel/qkeysequence.h:204: warning: ‘QDataStream& operator>>(QDataStream&, QKeySequence&)’ redeclared without dllimport attribute: previous dllimport ignored
In file included from ../../.wine/drive_c/Qt/4.7.4/include/QtGui/qtextformat.h:1,
                 from ../../.wine/drive_c/Qt/4.7.4/include/QtGui/../../src/gui/text/qtextlayout.h:51,
                 from ../../.wine/drive_c/Qt/4.7.4/include/QtGui/qtextlayout.h:1,
                 from ../../.wine/drive_c/Qt/4.7.4/include/QtGui/../../src/gui/text/qabstracttextdocumentlayout.h:46,
                 from ../../.wine/drive_c/Qt/4.7.4/include/QtGui/qabstracttextdocumentlayout.h:1,
                 from ../../.wine/drive_c/Qt/4.7.4/include/QtGui/QtGui:79,
                 from ../src/mainwindow.cpp:42:
../../.wine/drive_c/Qt/4.7.4/include/QtGui/../../src/gui/text/qtextformat.h:117: warning: ‘QDataStream& operator<<(QDataStream&, const QTextLength&)’ redeclared without dllimport attribute: previous dllimport ignored
../../.wine/drive_c/Qt/4.7.4/include/QtGui/../../src/gui/text/qtextformat.h:118: warning: ‘QDataStream& operator>>(QDataStream&, QTextLength&)’ redeclared without dllimport attribute: previous dllimport ignored
../../.wine/drive_c/Qt/4.7.4/include/QtGui/../../src/gui/text/qtextformat.h:358: warning: ‘QDataStream& operator<<(QDataStream&, const QTextFormat&)’ redeclared without dllimport attribute: previous dllimport ignored
../../.wine/drive_c/Qt/4.7.4/include/QtGui/../../src/gui/text/qtextformat.h:359: warning: ‘QDataStream& operator>>(QDataStream&, QTextFormat&)’ redeclared without dllimport attribute: previous dllimport ignored
i586-mingw32msvc-g++ -c -pipe -O2 -fexceptions -mthreads -Wall -fno-rtti -DUNICODE -DQT_LARGEFILE_SUPPORT -DQT_WEBKIT -DQT_NO_DEBUG -DQT_GUI_LIB -DQT_NETWORK_LIB -DQT_CORE_LIB -DQT_THREAD_SUPPORT -DQT_NO_DYNAMIC_CAST -I'../../.wine/drive_c/Qt/4.7.4/include/QtCore' -I'../../.wine/drive_c/Qt/4.7.4/include/QtNetwork' -I'../../.wine/drive_c/Qt/4.7.4/include/QtGui' -I'../../.wine/drive_c/Qt/4.7.4/include' -I'../../.wine/drive_c/Qt/4.7.4/include/ActiveQt' -I'release' -I'.' -I'../src' -I'/usr/i586-mingw32msvc/include' -I'.' -I'/usr/share/qt4/mkspecs/win32-g++-cross' -o release/preferencesdialog.o ../src/preferencesdialog.cpp
In file included from ../../.wine/drive_c/Qt/4.7.4/include/QtGui/qcolor.h:1,
                 from ../../.wine/drive_c/Qt/4.7.4/include/QtGui/../../src/gui/kernel/qpalette.h:46,
                 from ../../.wine/drive_c/Qt/4.7.4/include/QtGui/qpalette.h:1,
                 from ../../.wine/drive_c/Qt/4.7.4/include/QtGui/../../src/gui/kernel/qwidget.h:49,
                 from ../../.wine/drive_c/Qt/4.7.4/include/QtGui/qwidget.h:1,
                 from ../../.wine/drive_c/Qt/4.7.4/include/QtGui/../../src/gui/dialogs/qdialog.h:45,
                 from ../../.wine/drive_c/Qt/4.7.4/include/QtGui/qdialog.h:1,
                 from ../../.wine/drive_c/Qt/4.7.4/include/QtGui/QDialog:1,
                 from ../src/preferencesdialog.h:4,
                 from ../src/preferencesdialog.cpp:1:
../../.wine/drive_c/Qt/4.7.4/include/QtGui/../../src/gui/painting/qcolor.h:274: warning: ‘QDataStream& operator<<(QDataStream&, const QColor&)’ redeclared without dllimport attribute: previous dllimport ignored
../../.wine/drive_c/Qt/4.7.4/include/QtGui/../../src/gui/painting/qcolor.h:275: warning: ‘QDataStream& operator>>(QDataStream&, QColor&)’ redeclared without dllimport attribute: previous dllimport ignored
In file included from ../../.wine/drive_c/Qt/4.7.4/include/QtGui/qpainterpath.h:1,
                 from ../../.wine/drive_c/Qt/4.7.4/include/QtGui/../../src/gui/painting/qtransform.h:45,
                 from ../../.wine/drive_c/Qt/4.7.4/include/QtGui/qtransform.h:1,
                 from ../../.wine/drive_c/Qt/4.7.4/include/QtGui/../../src/gui/painting/qbrush.h:51,
                 from ../../.wine/drive_c/Qt/4.7.4/include/QtGui/qbrush.h:1,
                 from ../../.wine/drive_c/Qt/4.7.4/include/QtGui/../../src/gui/kernel/qpalette.h:47,
                 from ../../.wine/drive_c/Qt/4.7.4/include/QtGui/qpalette.h:1,
                 from ../../.wine/drive_c/Qt/4.7.4/include/QtGui/../../src/gui/kernel/qwidget.h:49,
                 from ../../.wine/drive_c/Qt/4.7.4/include/QtGui/qwidget.h:1,
                 from ../../.wine/drive_c/Qt/4.7.4/include/QtGui/../../src/gui/dialogs/qdialog.h:45,
                 from ../../.wine/drive_c/Qt/4.7.4/include/QtGui/qdialog.h:1,
                 from ../../.wine/drive_c/Qt/4.7.4/include/QtGui/QDialog:1,
                 from ../src/preferencesdialog.h:4,
                 from ../src/preferencesdialog.cpp:1:
../../.wine/drive_c/Qt/4.7.4/include/QtGui/../../src/gui/painting/qpainterpath.h:244: warning: ‘QDataStream& operator<<(QDataStream&, const QPainterPath&)’ redeclared without dllimport attribute: previous dllimport ignored
../../.wine/drive_c/Qt/4.7.4/include/QtGui/../../src/gui/painting/qpainterpath.h:245: warning: ‘QDataStream& operator>>(QDataStream&, QPainterPath&)’ redeclared without dllimport attribute: previous dllimport ignored
In file included from ../../.wine/drive_c/Qt/4.7.4/include/QtGui/qkeysequence.h:1,
                 from ../../.wine/drive_c/Qt/4.7.4/include/QtGui/../../src/gui/kernel/qwidget.h:57,
                 from ../../.wine/drive_c/Qt/4.7.4/include/QtGui/qwidget.h:1,
                 from ../../.wine/drive_c/Qt/4.7.4/include/QtGui/../../src/gui/dialogs/qdialog.h:45,
                 from ../../.wine/drive_c/Qt/4.7.4/include/QtGui/qdialog.h:1,
                 from ../../.wine/drive_c/Qt/4.7.4/include/QtGui/QDialog:1,
                 from ../src/preferencesdialog.h:4,
                 from ../src/preferencesdialog.cpp:1:
../../.wine/drive_c/Qt/4.7.4/include/QtGui/../../src/gui/kernel/qkeysequence.h:203: warning: ‘QDataStream& operator<<(QDataStream&, const QKeySequence&)’ redeclared without dllimport attribute: previous dllimport ignored
../../.wine/drive_c/Qt/4.7.4/include/QtGui/../../src/gui/kernel/qkeysequence.h:204: warning: ‘QDataStream& operator>>(QDataStream&, QKeySequence&)’ redeclared without dllimport attribute: previous dllimport ignored
In file included from ../../.wine/drive_c/Qt/4.7.4/include/QtCore/qbitarray.h:1,
                 from ../../.wine/drive_c/Qt/4.7.4/include/QtCore/QtCore:100,
                 from ../../.wine/drive_c/Qt/4.7.4/include/QtGui/QtGui:3,
                 from ../src/preferencesdialog.cpp:5:
../../.wine/drive_c/Qt/4.7.4/include/QtCore/../../src/corelib/tools/qbitarray.h:58: warning: ‘uint qHash(const QBitArray&)’ redeclared without dllimport attribute: previous dllimport ignored
In file included from ../../.wine/drive_c/Qt/4.7.4/include/QtGui/qpen.h:1,
                 from ../../.wine/drive_c/Qt/4.7.4/include/QtGui/../../src/gui/painting/qpainter.h:56,
                 from ../../.wine/drive_c/Qt/4.7.4/include/QtGui/qpainter.h:1,
                 from ../../.wine/drive_c/Qt/4.7.4/include/QtGui/../../src/gui/painting/qpaintengine.h:48,
                 from ../../.wine/drive_c/Qt/4.7.4/include/QtGui/qpaintengine.h:1,
                 from ../../.wine/drive_c/Qt/4.7.4/include/QtGui/QtGui:10,
                 from ../src/preferencesdialog.cpp:5:
../../.wine/drive_c/Qt/4.7.4/include/QtGui/../../src/gui/painting/qpen.h:119: warning: ‘QDataStream& operator>>(QDataStream&, QPen&)’ redeclared without dllimport attribute: previous dllimport ignored
../../.wine/drive_c/Qt/4.7.4/include/QtGui/../../src/gui/painting/qpen.h:120: warning: ‘QDataStream& operator<<(QDataStream&, const QPen&)’ redeclared without dllimport attribute: previous dllimport ignored
In file included from ../../.wine/drive_c/Qt/4.7.4/include/QtGui/qtextformat.h:1,
                 from ../../.wine/drive_c/Qt/4.7.4/include/QtGui/../../src/gui/text/qtextlayout.h:51,
                 from ../../.wine/drive_c/Qt/4.7.4/include/QtGui/qtextlayout.h:1,
                 from ../../.wine/drive_c/Qt/4.7.4/include/QtGui/../../src/gui/text/qabstracttextdocumentlayout.h:46,
                 from ../../.wine/drive_c/Qt/4.7.4/include/QtGui/qabstracttextdocumentlayout.h:1,
                 from ../../.wine/drive_c/Qt/4.7.4/include/QtGui/QtGui:79,
                 from ../src/preferencesdialog.cpp:5:
../../.wine/drive_c/Qt/4.7.4/include/QtGui/../../src/gui/text/qtextformat.h:117: warning: ‘QDataStream& operator<<(QDataStream&, const QTextLength&)’ redeclared without dllimport attribute: previous dllimport ignored
../../.wine/drive_c/Qt/4.7.4/include/QtGui/../../src/gui/text/qtextformat.h:118: warning: ‘QDataStream& operator>>(QDataStream&, QTextLength&)’ redeclared without dllimport attribute: previous dllimport ignored
../../.wine/drive_c/Qt/4.7.4/include/QtGui/../../src/gui/text/qtextformat.h:358: warning: ‘QDataStream& operator<<(QDataStream&, const QTextFormat&)’ redeclared without dllimport attribute: previous dllimport ignored
../../.wine/drive_c/Qt/4.7.4/include/QtGui/../../src/gui/text/qtextformat.h:359: warning: ‘QDataStream& operator>>(QDataStream&, QTextFormat&)’ redeclared without dllimport attribute: previous dllimport ignored
i586-mingw32msvc-g++ -mthreads -Wl,-enable-stdcall-fixup -Wl,-enable-auto-import -Wl,-enable-runtime-pseudo-reloc -mwindows -Wl,-s -Wl -Wl,-subsystem,windows -o release/eepe.exe object_script.eepe.Release  -L'/home/erez/.wine/drive_c/Qt/4.7.4/lib' -lmingw32 -lqtmain release/icon_res.o -lQtGui4 -lQtNetwork4 -lQtCore4 
make[1]: Leaving directory `/home/erez/eepe/winbuild'

#================================================
Package Windows Version
#================================================

MakeNSIS v2.46-5 - Copyright 1995-2009 Contributors
See the file COPYING for license details.
Credits can be found in the Users Manual.

Processing config: 
Processing plugin dlls: "/usr/share/nsis/Plugins/*.dll"
 - AdvSplash::show
 - Banner::destroy
 - Banner::getWindow
 - Banner::show
 - BgImage::AddImage
 - BgImage::AddText
 - BgImage::Clear
 - BgImage::Destroy
 - BgImage::Redraw
 - BgImage::SetBg
 - BgImage::SetReturn
 - BgImage::Sound
 - Dialer::AttemptConnect
 - Dialer::AutodialHangup
 - Dialer::AutodialOnline
 - Dialer::AutodialUnattended
 - Dialer::GetConnectedState
 - InstallOptions::dialog
 - InstallOptions::initDialog
 - InstallOptions::show
 - LangDLL::LangDialog
 - Math::Script
 - NSISdl::download
 - NSISdl::download_quiet
 - Splash::show
 - StartMenu::Init
 - StartMenu::Select
 - StartMenu::Show
 - System::Alloc
 - System::Call
 - System::Copy
 - System::Free
 - System::Get
 - System::Int64Op
 - System::Store
 - TypeLib::GetLibVersion
 - TypeLib::Register
 - TypeLib::UnRegister
 - UserInfo::GetAccountType
 - UserInfo::GetName
 - UserInfo::GetOriginalAccountType
 - VPatch::GetFileCRC32
 - VPatch::GetFileMD5
 - VPatch::vpatchfile
 - nsDialogs::Create
 - nsDialogs::CreateControl
 - nsDialogs::CreateItem
 - nsDialogs::CreateTimer
 - nsDialogs::GetUserData
 - nsDialogs::KillTimer
 - nsDialogs::OnBack
 - nsDialogs::OnChange
 - nsDialogs::OnClick
 - nsDialogs::OnNotify
 - nsDialogs::SelectFileDialog
 - nsDialogs::SelectFolderDialog
 - nsDialogs::SetRTL
 - nsDialogs::SetUserData
 - nsDialogs::Show
 - nsExec::Exec
 - nsExec::ExecToLog
 - nsExec::ExecToStack

!define: "MUI_INSERT_NSISCONF"=""

Changing directory to: "/home/erez/eepe/winbuild"

Processing script file: "eePe.nsi"
!include: "/usr/share/nsis/Include/MUI2.nsh"
!include: "/usr/share/nsis/Contrib/Modern UI 2/MUI2.nsh"
NSIS Modern User Interface version 2.0 - Copyright 2002-2009 Joost Verburg (/usr/share/nsis/Contrib/Modern UI 2/MUI2.nsh:8)
!define: "MUI_INCLUDED"=""
!define: "MUI_SYSVERSION"="2.0"
!define: "MUI_VERBOSE"="3"
!include: closed: "/usr/share/nsis/Contrib/Modern UI 2/MUI2.nsh"
!include: closed: "/usr/share/nsis/Include/MUI2.nsh"
!include: "FileAssociation.nsh"
!define: "FileAssociation_INCLUDED"=""
!include: "/usr/share/nsis/Include/Util.nsh"
!include: closed: "/usr/share/nsis/Include/Util.nsh"
!define: "RegisterExtension"="!insertmacro RegisterExtensionCall"
!define: "un.RegisterExtension"="!insertmacro RegisterExtensionCall"
!define: "UnRegisterExtension"="!insertmacro UnRegisterExtensionCall"
!define: "un.UnRegisterExtension"="!insertmacro UnRegisterExtensionCall"
!include: closed: "FileAssociation.nsh"
Name: "eePe"
OutFile: "eePeInstall.exe"
InstallDir: "$PROGRAMFILES\eePe"
InstallRegKey: "HKCU\Software\er9x-eePe\"
SetCompressor: /FINAL /SOLID lzma
SetCompressorDictSize: 64 mb
Var: "StartMenuFolder"
!define: "MUI_ABORTWARNING"=""
!insertmacro: MUI_PAGE_LICENSE
!insertmacro: end of MUI_PAGEDECLARATION_LICENSE
!insertmacro: end of MUI_PAGE_LICENSE
!insertmacro: MUI_PAGE_COMPONENTS
!insertmacro: end of MUI_PAGE_COMPONENTS
!insertmacro: MUI_PAGE_DIRECTORY
!insertmacro: end of MUI_PAGE_DIRECTORY
!define: "MUI_STARTMENUPAGE_REGISTRY_ROOT"="HKCU"
!define: "MUI_STARTMENUPAGE_REGISTRY_KEY"="Software\er9x-eePe"
!define: "MUI_STARTMENUPAGE_REGISTRY_VALUENAME"="Start Menu Folder"
!insertmacro: MUI_PAGE_STARTMENU
!insertmacro: end of MUI_PAGE_STARTMENU
!insertmacro: MUI_PAGE_INSTFILES
!insertmacro: end of MUI_PAGE_INSTFILES
!define: "MUI_FINISHPAGE_NOAUTOCLOSE"=""
!define: "MUI_FINISHPAGE_RUN"=""
!define: "MUI_FINISHPAGE_RUN_CHECKED"=""
!define: "MUI_FINISHPAGE_RUN_TEXT"="Launch eePe"
!define: "MUI_FINISHPAGE_RUN_FUNCTION"="LaunchLink"
!insertmacro: MUI_PAGE_FINISH
!insertmacro: end of MUI_PAGE_FINISH
!insertmacro: MUI_UNPAGE_CONFIRM
!insertmacro: end of MUI_UNPAGE_CONFIRM
!insertmacro: MUI_UNPAGE_INSTFILES
!insertmacro: end of MUI_UNPAGE_INSTFILES
!insertmacro: MUI_LANGUAGE
!insertmacro: end of MUI_LANGUAGE
Section: "eePe" ->(SecDummy)
SetOutPath: "$INSTDIR"
File: "license.txt" 832 bytes
File: "eepe.exe" 1552384 bytes
File: "libgcc_s_dw2-1.dll" 43008 bytes
File: "mingwm10.dll" 11362 bytes
File: "QtCore4.dll" 2555392 bytes
File: "QtGui4.dll" 9913344 bytes
File: "QtNetwork4.dll" 1209344 bytes
File: "avrdude.exe" 313344 bytes
File: "avrdude.conf" 515855 bytes
File: "libusb0.dll" 43520 bytes
File: "ER9x Users Guide.pdf" 426302 bytes
CreateDirectory: "$INSTDIR\lang"
SetOutPath: "$INSTDIR\lang"
File: "eepe_de.qm" 72259 bytes
File: "eepe_es.qm" 94939 bytes
File: "eepe_fr.qm" 94666 bytes
File: "eepe_he.qm" 23 bytes
File: "eepe_pt.qm" 32846 bytes
File: "eepe_ru.qm" 42026 bytes
SetOutPath: "$INSTDIR"
WriteRegStr: HKCU\Software\er9x-eePe\=$INSTDIR
!insertmacro: RegisterExtensionCall
!insertmacro: end of RegisterExtensionCall
!insertmacro: RegisterExtensionCall
!insertmacro: end of RegisterExtensionCall
!insertmacro: RegisterExtensionCall
!insertmacro: end of RegisterExtensionCall
!insertmacro: RegisterExtensionCall
!insertmacro: end of RegisterExtensionCall
!insertmacro: RegisterExtensionCall
!insertmacro: end of RegisterExtensionCall
WriteUninstaller: "$INSTDIR\Uninstall.exe"
!insertmacro: MUI_STARTMENU_WRITE_BEGIN
!insertmacro: end of MUI_STARTMENU_WRITE_BEGIN
CreateDirectory: "$SMPROGRAMS\$StartMenuFolder"
CreateShortCut: "$SMPROGRAMS\$StartMenuFolder\eePe.lnk"->"$INSTDIR\eePe.exe"  icon:,0, showmode=0x0, hotkey=0x0, comment=
CreateShortCut: "$SMPROGRAMS\$StartMenuFolder\er9x Users Guide.lnk"->"$INSTDIR\ER9x Users Guide.pdf"  icon:,0, showmode=0x0, hotkey=0x0, comment=
CreateShortCut: "$SMPROGRAMS\$StartMenuFolder\Uninstall.lnk"->"$INSTDIR\Uninstall.exe"  icon:,0, showmode=0x0, hotkey=0x0, comment=
!insertmacro: MUI_STARTMENU_WRITE_END
!insertmacro: end of MUI_STARTMENU_WRITE_END
SectionEnd
LangString: "DESC_SecDummy" 1033 "eePe er9x EEPROM editor."
!insertmacro: MUI_FUNCTION_DESCRIPTION_BEGIN
!insertmacro: end of MUI_FUNCTION_DESCRIPTION_BEGIN
!insertmacro: MUI_DESCRIPTION_TEXT
!insertmacro: end of MUI_DESCRIPTION_TEXT
!insertmacro: MUI_FUNCTION_DESCRIPTION_END
!insertmacro: end of MUI_FUNCTION_DESCRIPTION_END
Section: "Uninstall"
Delete: "$INSTDIR\license.txt"
Delete: "$INSTDIR\eepe.exe"
Delete: "$INSTDIR\libgcc_s_dw2-1.dll"
Delete: "$INSTDIR\mingwm10.dll"
Delete: "$INSTDIR\QtCore4.dll"
Delete: "$INSTDIR\QtGui4.dll"
Delete: "$INSTDIR\QtNetwork4.dll"
Delete: "$INSTDIR\avrdude.exe"
Delete: "$INSTDIR\avrdude.conf"
Delete: "$INSTDIR\libusb0.dll"
Delete: "$INSTDIR\ER9x Users Guide.pdf"
Delete: "$INSTDIR\Uninstall.exe"
Delete: "$INSTDIR\lang\*.*"
RMDir: "$INSTDIR\lang"
RMDir: "$INSTDIR"
!insertmacro: UnRegisterExtensionCall
!insertmacro: end of UnRegisterExtensionCall
!insertmacro: UnRegisterExtensionCall
!insertmacro: end of UnRegisterExtensionCall
!insertmacro: UnRegisterExtensionCall
!insertmacro: end of UnRegisterExtensionCall
!insertmacro: UnRegisterExtensionCall
!insertmacro: end of UnRegisterExtensionCall
!insertmacro: UnRegisterExtensionCall
!insertmacro: end of UnRegisterExtensionCall
!insertmacro: MUI_STARTMENU_GETFOLDER
!insertmacro: end of MUI_STARTMENU_GETFOLDER
Delete: "$SMPROGRAMS\$StartMenuFolder\eePe.lnk"
Delete: "$SMPROGRAMS\$StartMenuFolder\Uninstall.lnk"
RMDir: "$SMPROGRAMS\$StartMenuFolder"
DeleteRegKey: HKCU\Software\er9x-eePe
SectionEnd
Function: "LaunchLink"
ExecShell: : "$INSTDIR\eepe.exe" "" 
FunctionEnd

Processed 1 file, writing output:
Adding plug-ins initializing function... Done!
Processing pages... Done!
Removing unused resources... Done!
Generating language tables... Done!
Generating uninstaller... Done!

Output: "eePeInstall.exe"
Install: 7 pages (448 bytes), 1 section (1048 bytes), 485 instructions (13580 bytes), 264 strings (5125 bytes), 1 language table (366 bytes).
Uninstall: 3 pages (192 bytes), 
1 section (1048 bytes), 112 instructions (3136 bytes), 130 strings (1671 bytes), 1 language table (250 bytes).
Datablock optimizer saved 65044 bytes (~0.3%).

Using lzma (compress whole) compression.

EXE header size:               71168 / 55808 bytes
Install code:                          (20943 bytes)
Install data:                          (16990520 bytes)
Uninstall code+data:                   (20637 bytes)
Compressed data:             5616076 / 17032100 bytes
CRC (0xABA4714B):                  4 / 4 bytes

Total size:                  5687248 / 17087912 bytes (33.2%)

#================================================
Build Linux i386 Version
#================================================

g++ -c -m32 -pipe -O2 -Wall -W -D_REENTRANT -DQT_WEBKIT -DQT_NO_DEBUG -DQT_GUI_LIB -DQT_NETWORK_LIB -DQT_CORE_LIB -DQT_SHARED -I/usr/share/qt4/mkspecs/linux-g++-32 -I../src -I/usr/include/qt4/QtCore -I/usr/include/qt4/QtNetwork -I/usr/include/qt4/QtGui -I/usr/include/qt4 -I. -I. -I../src -I. -o mainwindow.o ../src/mainwindow.cpp
g++ -c -m32 -pipe -O2 -Wall -W -D_REENTRANT -DQT_WEBKIT -DQT_NO_DEBUG -DQT_GUI_LIB -DQT_NETWORK_LIB -DQT_CORE_LIB -DQT_SHARED -I/usr/share/qt4/mkspecs/linux-g++-32 -I../src -I/usr/include/qt4/QtCore -I/usr/include/qt4/QtNetwork -I/usr/include/qt4/QtGui -I/usr/include/qt4 -I. -I. -I../src -I. -o preferencesdialog.o ../src/preferencesdialog.cpp
g++ -m32 -Wl,-O1 -o eepe main.o mainwindow.o file.o pers.o modeledit.o generaledit.o mdichild.o helpers.o node.o edge.o mixerdialog.o burnconfigdialog.o avroutputdialog.o simulatordialog.o donatorsdialog.o printdialog.o preferencesdialog.o fusesdialog.o mixerslist.o downloaddialog.o customizesplashdialog.o moc_mainwindow.o moc_modeledit.o moc_generaledit.o moc_mdichild.o moc_mixerdialog.o moc_burnconfigdialog.o moc_avroutputdialog.o moc_simulatordialog.o moc_donatorsdialog.o moc_printdialog.o moc_preferencesdialog.o moc_fusesdialog.o moc_mixerslist.o moc_downloaddialog.o moc_customizesplashdialog.o qrc_eepe.o    -L/usr/lib/i386-linux-gnu -lQtGui -lQtNetwork -lQtCore -lpthread 

#================================================
Package Linux i386 Version
#================================================


checkinstall 1.6.2, Copyright 2009 Felipe Eduardo Sanchez Diaz Duran
           This software is released under the GNU GPL.



*****************************************
**** Debian package creation selected ***
*****************************************

This package will be built according to these values: 

0 -  Maintainer: [ erazz ]
1 -  Summary: [ Package created with checkinstall 1.6.2 ]
2 -  Name:    [ eepe ]
3 -  Version: [ 1 ]
4 -  Release: [ 1 ]
5 -  License: [ GPL ]
6 -  Group:   [ checkinstall ]
7 -  Architecture: [ i386 ]
8 -  Source location: [ linux32build ]
9 -  Alternate source location: [  ]
10 - Requires: [  ]
11 - Provides: [ eepe ]
12 - Conflicts: [  ]
13 - Replaces: [  ]

Enter a number to change any of them or press ENTER to continue: 

Installing with make install...

========================= Installation results ===========================
install -m 755 -p /home/erez/eepe/src/eepe /usr/bin/eepe/
strip /usr/bin/eepe/eepe
install -m 644 -p /home/erez/eepe/src/lang/eepe_de.qm /usr/bin/eepe/lang/
install -m 644 -p /home/erez/eepe/src/lang/eepe_es.qm /usr/bin/eepe/lang/
install -m 644 -p /home/erez/eepe/src/lang/eepe_fr.qm /usr/bin/eepe/lang/
install -m 644 -p /home/erez/eepe/src/lang/eepe_he.qm /usr/bin/eepe/lang/
install -m 644 -p /home/erez/eepe/src/lang/eepe_pt.qm /usr/bin/eepe/lang/
install -m 644 -p /home/erez/eepe/src/lang/eepe_ru.qm /usr/bin/eepe/lang/
install -m 644 -p /home/erez/eepe/src/icon.svg /usr/bin/eepe/
install -m 644 -p /home/erez/eepe/src/eepe.desktop /usr/share/applications/

======================== Installation successful ==========================

Copying files to the temporary directory...OK

Stripping ELF binaries and libraries...OK

Compressing man pages...OK

Building file list...OK

Building Debian package...OK

NOTE: The package will not be installed

Erasing temporary files...OK

Deleting temp dir...OK


**********************************************************************

 Done. The new package has been saved to

 /home/erez/eepe/linux32build/eepe_1-1_i386.deb
 You can install it in your system anytime using: 

      dpkg -i eepe_1-1_i386.deb

**********************************************************************


#================================================
Build Linux amd64 Version
#================================================

g++ -c -m64 -pipe -O2 -Wall -W -D_REENTRANT -DQT_WEBKIT -DQT_NO_DEBUG -DQT_GUI_LIB -DQT_NETWORK_LIB -DQT_CORE_LIB -DQT_SHARED -I/usr/share/qt4/mkspecs/linux-g++-64 -I../src -I/usr/include/qt4/QtCore -I/usr/include/qt4/QtNetwork -I/usr/include/qt4/QtGui -I/usr/include/qt4 -I. -I. -I../src -I. -o mainwindow.o ../src/mainwindow.cpp
g++ -c -m64 -pipe -O2 -Wall -W -D_REENTRANT -DQT_WEBKIT -DQT_NO_DEBUG -DQT_GUI_LIB -DQT_NETWORK_LIB -DQT_CORE_LIB -DQT_SHARED -I/usr/share/qt4/mkspecs/linux-g++-64 -I../src -I/usr/include/qt4/QtCore -I/usr/include/qt4/QtNetwork -I/usr/include/qt4/QtGui -I/usr/include/qt4 -I. -I. -I../src -I. -o mdichild.o ../src/mdichild.cpp
g++ -c -m64 -pipe -O2 -Wall -W -D_REENTRANT -DQT_WEBKIT -DQT_NO_DEBUG -DQT_GUI_LIB -DQT_NETWORK_LIB -DQT_CORE_LIB -DQT_SHARED -I/usr/share/qt4/mkspecs/linux-g++-64 -I../src -I/usr/include/qt4/QtCore -I/usr/include/qt4/QtNetwork -I/usr/include/qt4/QtGui -I/usr/include/qt4 -I. -I. -I../src -I. -o preferencesdialog.o ../src/preferencesdialog.cpp
g++ -m64 -Wl,-O1 -o eepe main.o mainwindow.o file.o pers.o modeledit.o generaledit.o mdichild.o helpers.o node.o edge.o mixerdialog.o burnconfigdialog.o avroutputdialog.o simulatordialog.o donatorsdialog.o printdialog.o preferencesdialog.o fusesdialog.o mixerslist.o downloaddialog.o customizesplashdialog.o moc_mainwindow.o moc_modeledit.o moc_generaledit.o moc_mdichild.o moc_mixerdialog.o moc_burnconfigdialog.o moc_avroutputdialog.o moc_simulatordialog.o moc_donatorsdialog.o moc_printdialog.o moc_preferencesdialog.o moc_fusesdialog.o moc_mixerslist.o moc_downloaddialog.o moc_customizesplashdialog.o qrc_eepe.o    -L/usr/lib/x86_64-linux-gnu -lQtGui -lQtNetwork -lQtCore -lpthread 

#================================================
Package Linux amd64 Version
#================================================


checkinstall 1.6.2, Copyright 2009 Felipe Eduardo Sanchez Diaz Duran
           This software is released under the GNU GPL.



*****************************************
**** Debian package creation selected ***
*****************************************

This package will be built according to these values: 

0 -  Maintainer: [ erazz ]
1 -  Summary: [ Package created with checkinstall 1.6.2 ]
2 -  Name:    [ eepe ]
3 -  Version: [ 1 ]
4 -  Release: [ 1 ]
5 -  License: [ GPL ]
6 -  Group:   [ checkinstall ]
7 -  Architecture: [ amd64 ]
8 -  Source location: [ linux64build ]
9 -  Alternate source location: [  ]
10 - Requires: [  ]
11 - Provides: [ eepe ]
12 - Conflicts: [  ]
13 - Replaces: [  ]

Enter a number to change any of them or press ENTER to continue: 

Installing with make install...

========================= Installation results ===========================
install -m 755 -p /home/erez/eepe/src/eepe /usr/bin/eepe/
strip /usr/bin/eepe/eepe
install -m 644 -p /home/erez/eepe/src/lang/eepe_de.qm /usr/bin/eepe/lang/
install -m 644 -p /home/erez/eepe/src/lang/eepe_es.qm /usr/bin/eepe/lang/
install -m 644 -p /home/erez/eepe/src/lang/eepe_fr.qm /usr/bin/eepe/lang/
install -m 644 -p /home/erez/eepe/src/lang/eepe_he.qm /usr/bin/eepe/lang/
install -m 644 -p /home/erez/eepe/src/lang/eepe_pt.qm /usr/bin/eepe/lang/
install -m 644 -p /home/erez/eepe/src/lang/eepe_ru.qm /usr/bin/eepe/lang/
install -m 644 -p /home/erez/eepe/src/icon.svg /usr/bin/eepe/
install -m 644 -p /home/erez/eepe/src/eepe.desktop /usr/share/applications/

======================== Installation successful ==========================

Copying files to the temporary directory...OK

Stripping ELF binaries and libraries...OK

Compressing man pages...OK

Building file list...OK

Building Debian package...OK

NOTE: The package will not be installed

Erasing temporary files...OK

Deleting temp dir...OK


**********************************************************************

 Done. The new package has been saved to

 /home/erez/eepe/linux64build/eepe_1-1_amd64.deb
 You can install it in your system anytime using: 

      dpkg -i eepe_1-1_amd64.deb

**********************************************************************

